[debug] [2020-12-27T00:23:33.526Z] ----------------------------------------------------------------------
[debug] [2020-12-27T00:23:33.528Z] Command:       /usr/local/bin/node /usr/local/bin/firebase emulators:start
[debug] [2020-12-27T00:23:33.529Z] CLI Version:   8.14.1
[debug] [2020-12-27T00:23:33.529Z] Platform:      darwin
[debug] [2020-12-27T00:23:33.529Z] Node Version:  v12.18.1
[debug] [2020-12-27T00:23:33.530Z] Time:          Sun Dec 27 2020 00:23:33 GMT+0000 (Greenwich Mean Time)
[debug] [2020-12-27T00:23:33.531Z] ----------------------------------------------------------------------
[debug] [2020-12-27T00:23:33.531Z] 
[debug] [2020-12-27T00:23:33.541Z] > command requires scopes: ["email","openid","https://www.googleapis.com/auth/cloudplatformprojects.readonly","https://www.googleapis.com/auth/firebase","https://www.googleapis.com/auth/cloud-platform"]
[debug] [2020-12-27T00:23:33.541Z] > authorizing via signed-in user
[info] i  emulators: Starting emulators: functions, hosting {"metadata":{"emulator":{"name":"hub"},"message":"Starting emulators: functions, hosting"}}
[warn] ⚠  emulators: It seems that you are running multiple instances of the emulator suite for project crown-clothing-clone. This may result in unexpected behavior. 
[debug] [2020-12-27T00:23:33.558Z] [hub] writing locator at /var/folders/yz/lp8hc0x17zg60l6btjdb8qph0000gn/T/hub-crown-clothing-clone.json
[warn] ⚠  functions: The following emulators are not running, calls to these services from the Functions emulator will affect production: auth, firestore, database, pubsub {"metadata":{"emulator":{"name":"functions"},"message":"The following emulators are not running, calls to these services from the Functions emulator will affect production: \u001b[1mauth, firestore, database, pubsub\u001b[22m"}}
[info] ✔  functions: Using node@12 from host. {"metadata":{"emulator":{"name":"functions"},"message":"Using node@12 from host."}}
[debug] [2020-12-27T00:23:33.587Z] defaultcredentials: writing to file /Users/balasr/.config/firebase/balamurugan_radhakrishnan_gmail.com_application_default_credentials.json
[debug] [2020-12-27T00:23:33.591Z] Setting GAC to /Users/balasr/.config/firebase/balamurugan_radhakrishnan_gmail.com_application_default_credentials.json {"metadata":{"emulator":{"name":"functions"},"message":"Setting GAC to /Users/balasr/.config/firebase/balamurugan_radhakrishnan_gmail.com_application_default_credentials.json"}}
[debug] [2020-12-27T00:23:33.864Z] >>> HTTP REQUEST GET https://firebase.googleapis.com/v1beta1/projects/crown-clothing-clone/webApps/-/config  
 
[debug] [2020-12-27T00:23:34.525Z] <<< HTTP RESPONSE 200 {"content-type":"application/json; charset=UTF-8","vary":"X-Origin, Referer, Origin,Accept-Encoding","date":"Sun, 27 Dec 2020 00:23:34 GMT","server":"ESF","cache-control":"private","x-xss-protection":"0","x-frame-options":"SAMEORIGIN","x-content-type-options":"nosniff","alt-svc":"h3-29=\":443\"; ma=2592000,h3-T051=\":443\"; ma=2592000,h3-Q050=\":443\"; ma=2592000,h3-Q046=\":443\"; ma=2592000,h3-Q043=\":443\"; ma=2592000,quic=\":443\"; ma=2592000; v=\"46,43\"","accept-ranges":"none","transfer-encoding":"chunked"}
[info] i  hosting: Serving hosting files from: client/build {"metadata":{"emulator":{"name":"hosting"},"message":"Serving hosting files from: \u001b[1mclient/build\u001b[22m"}}
[info] ✔  hosting: Local server: http://localhost:5000 {"metadata":{"emulator":{"name":"hosting"},"message":"Local server: \u001b[4m\u001b[1mhttp://localhost:5000\u001b[22m\u001b[24m"}}
[warn] ⚠  ui: Emulator UI unable to start on port 4000, starting on 4003 instead. {"metadata":{"emulator":{"name":"ui"},"message":"Emulator UI unable to start on port 4000, starting on 4003 instead."}}
[debug] [2020-12-27T00:23:34.934Z] Ignoring unsupported arg: auto_download {"metadata":{"emulator":{"name":"ui"},"message":"Ignoring unsupported arg: auto_download"}}
[debug] [2020-12-27T00:23:34.934Z] Ignoring unsupported arg: port {"metadata":{"emulator":{"name":"ui"},"message":"Ignoring unsupported arg: port"}}
[debug] [2020-12-27T00:23:34.934Z] Starting Emulator UI with command {"binary":"node","args":["/Users/balasr/.cache/firebase/emulators/ui-v1.2.2/server.bundle.js"],"optionalArgs":[],"joinArgs":false} {"metadata":{"emulator":{"name":"ui"},"message":"Starting Emulator UI with command {\"binary\":\"node\",\"args\":[\"/Users/balasr/.cache/firebase/emulators/ui-v1.2.2/server.bundle.js\"],\"optionalArgs\":[],\"joinArgs\":false}"}}
[info] i  ui: Emulator UI logging to ui-debug.log {"metadata":{"emulator":{"name":"ui"},"message":"Emulator UI logging to \u001b[1mui-debug.log\u001b[22m"}}
[debug] [2020-12-27T00:23:35.053Z] Web / API server started at http://localhost:4003
 {"metadata":{"emulator":{"name":"ui"},"message":"Web / API server started at http://localhost:4003\n"}}
[info] i  functions: Watching "/Users/balasr/Documents/Bala/Pers/ReactApp/App2-Ecommerce/crown-clothing/functions" for Cloud Functions... {"metadata":{"emulator":{"name":"functions"},"message":"Watching \"/Users/balasr/Documents/Bala/Pers/ReactApp/App2-Ecommerce/crown-clothing/functions\" for Cloud Functions..."}}
[debug] [2020-12-27T00:23:35.226Z] [worker-pool] addWorker(~diagnostic~) {"metadata":{"emulator":{"name":"functions"},"message":"[worker-pool] addWorker(~diagnostic~)"}}
[debug] [2020-12-27T00:23:35.227Z] [worker-pool] Adding worker with key ~diagnostic~, total=1 {"metadata":{"emulator":{"name":"functions"},"message":"[worker-pool] Adding worker with key ~diagnostic~, total=1"}}
[debug] [2020-12-27T00:23:35.227Z] [worker-pool] submitWork(triggerId=) {"metadata":{"emulator":{"name":"functions"},"message":"[worker-pool] submitWork(triggerId=)"}}
[debug] [2020-12-27T00:23:35.227Z] [worker-~diagnostic~-09bd1319-f86d-4ac6-899d-87b46b212ccd]: Assigning socketPath: /var/folders/yz/lp8hc0x17zg60l6btjdb8qph0000gn/T/fire_emu_23399.sock {"metadata":{"emulator":{"name":"functions"},"message":"[worker-~diagnostic~-09bd1319-f86d-4ac6-899d-87b46b212ccd]: Assigning socketPath: /var/folders/yz/lp8hc0x17zg60l6btjdb8qph0000gn/T/fire_emu_23399.sock"}}
[debug] [2020-12-27T00:23:35.228Z] [worker-~diagnostic~-09bd1319-f86d-4ac6-899d-87b46b212ccd]: BUSY {"metadata":{"emulator":{"name":"functions"},"message":"[worker-~diagnostic~-09bd1319-f86d-4ac6-899d-87b46b212ccd]: BUSY"}}
[debug] [2020-12-27T00:23:35.641Z] [runtime-status] [23399] Functions runtime initialized. {"cwd":"/Users/balasr/Documents/Bala/Pers/ReactApp/App2-Ecommerce/crown-clothing/functions","node_version":"12.18.1"} {"metadata":{"emulator":{"name":"functions"},"message":"[runtime-status] [23399] Functions runtime initialized. {\"cwd\":\"/Users/balasr/Documents/Bala/Pers/ReactApp/App2-Ecommerce/crown-clothing/functions\",\"node_version\":\"12.18.1\"}"}}
[debug] [2020-12-27T00:23:35.643Z] [runtime-status] [23399] Disabled runtime features: undefined {"metadata":{"emulator":{"name":"functions"},"message":"[runtime-status] [23399] Disabled runtime features: undefined"}}
[debug] [2020-12-27T00:23:35.651Z] [runtime-status] [23399] Resolved module firebase-admin {"declared":true,"installed":true,"version":"9.4.2","resolution":"/Users/balasr/Documents/Bala/Pers/ReactApp/App2-Ecommerce/crown-clothing/functions/node_modules/firebase-admin/lib/index.js"} {"metadata":{"emulator":{"name":"functions"},"message":"[runtime-status] [23399] Resolved module firebase-admin {\"declared\":true,\"installed\":true,\"version\":\"9.4.2\",\"resolution\":\"/Users/balasr/Documents/Bala/Pers/ReactApp/App2-Ecommerce/crown-clothing/functions/node_modules/firebase-admin/lib/index.js\"}"}}
[debug] [2020-12-27T00:23:35.655Z] [runtime-status] [23399] Resolved module firebase-functions {"declared":true,"installed":true,"version":"3.13.0","resolution":"/Users/balasr/Documents/Bala/Pers/ReactApp/App2-Ecommerce/crown-clothing/functions/node_modules/firebase-functions/lib/index.js"} {"metadata":{"emulator":{"name":"functions"},"message":"[runtime-status] [23399] Resolved module firebase-functions {\"declared\":true,\"installed\":true,\"version\":\"3.13.0\",\"resolution\":\"/Users/balasr/Documents/Bala/Pers/ReactApp/App2-Ecommerce/crown-clothing/functions/node_modules/firebase-functions/lib/index.js\"}"}}
[debug] [2020-12-27T00:23:35.655Z] [runtime-status] [23399] Resolved module firebase-functions {"declared":true,"installed":true,"version":"3.13.0","resolution":"/Users/balasr/Documents/Bala/Pers/ReactApp/App2-Ecommerce/crown-clothing/functions/node_modules/firebase-functions/lib/index.js"} {"metadata":{"emulator":{"name":"functions"},"message":"[runtime-status] [23399] Resolved module firebase-functions {\"declared\":true,\"installed\":true,\"version\":\"3.13.0\",\"resolution\":\"/Users/balasr/Documents/Bala/Pers/ReactApp/App2-Ecommerce/crown-clothing/functions/node_modules/firebase-functions/lib/index.js\"}"}}
[debug] [2020-12-27T00:23:35.658Z] [runtime-status] [23399] Outgoing network have been stubbed. [{"name":"http","status":"mocked"},{"name":"http","status":"mocked"},{"name":"https","status":"mocked"},{"name":"https","status":"mocked"},{"name":"net","status":"mocked"}] {"metadata":{"emulator":{"name":"functions"},"message":"[runtime-status] [23399] Outgoing network have been stubbed. [{\"name\":\"http\",\"status\":\"mocked\"},{\"name\":\"http\",\"status\":\"mocked\"},{\"name\":\"https\",\"status\":\"mocked\"},{\"name\":\"https\",\"status\":\"mocked\"},{\"name\":\"net\",\"status\":\"mocked\"}]"}}
[debug] [2020-12-27T00:23:35.659Z] [runtime-status] [23399] Resolved module firebase-functions {"declared":true,"installed":true,"version":"3.13.0","resolution":"/Users/balasr/Documents/Bala/Pers/ReactApp/App2-Ecommerce/crown-clothing/functions/node_modules/firebase-functions/lib/index.js"} {"metadata":{"emulator":{"name":"functions"},"message":"[runtime-status] [23399] Resolved module firebase-functions {\"declared\":true,\"installed\":true,\"version\":\"3.13.0\",\"resolution\":\"/Users/balasr/Documents/Bala/Pers/ReactApp/App2-Ecommerce/crown-clothing/functions/node_modules/firebase-functions/lib/index.js\"}"}}
[debug] [2020-12-27T00:23:35.731Z] [runtime-status] [23399] Checked functions.config() {"config":{}} {"metadata":{"emulator":{"name":"functions"},"message":"[runtime-status] [23399] Checked functions.config() {\"config\":{}}"}}
[debug] [2020-12-27T00:23:35.731Z] [runtime-status] [23399] firebase-functions has been stubbed. {"functionsResolution":{"declared":true,"installed":true,"version":"3.13.0","resolution":"/Users/balasr/Documents/Bala/Pers/ReactApp/App2-Ecommerce/crown-clothing/functions/node_modules/firebase-functions/lib/index.js"}} {"metadata":{"emulator":{"name":"functions"},"message":"[runtime-status] [23399] firebase-functions has been stubbed. {\"functionsResolution\":{\"declared\":true,\"installed\":true,\"version\":\"3.13.0\",\"resolution\":\"/Users/balasr/Documents/Bala/Pers/ReactApp/App2-Ecommerce/crown-clothing/functions/node_modules/firebase-functions/lib/index.js\"}}"}}
[debug] [2020-12-27T00:23:35.732Z] [runtime-status] [23399] Resolved module firebase-functions {"declared":true,"installed":true,"version":"3.13.0","resolution":"/Users/balasr/Documents/Bala/Pers/ReactApp/App2-Ecommerce/crown-clothing/functions/node_modules/firebase-functions/lib/index.js"} {"metadata":{"emulator":{"name":"functions"},"message":"[runtime-status] [23399] Resolved module firebase-functions {\"declared\":true,\"installed\":true,\"version\":\"3.13.0\",\"resolution\":\"/Users/balasr/Documents/Bala/Pers/ReactApp/App2-Ecommerce/crown-clothing/functions/node_modules/firebase-functions/lib/index.js\"}"}}
[debug] [2020-12-27T00:23:35.733Z] [runtime-status] [23399] Resolved module firebase-admin {"declared":true,"installed":true,"version":"9.4.2","resolution":"/Users/balasr/Documents/Bala/Pers/ReactApp/App2-Ecommerce/crown-clothing/functions/node_modules/firebase-admin/lib/index.js"} {"metadata":{"emulator":{"name":"functions"},"message":"[runtime-status] [23399] Resolved module firebase-admin {\"declared\":true,\"installed\":true,\"version\":\"9.4.2\",\"resolution\":\"/Users/balasr/Documents/Bala/Pers/ReactApp/App2-Ecommerce/crown-clothing/functions/node_modules/firebase-admin/lib/index.js\"}"}}
[debug] [2020-12-27T00:23:35.734Z] [runtime-status] [23399] Resolved module firebase-functions {"declared":true,"installed":true,"version":"3.13.0","resolution":"/Users/balasr/Documents/Bala/Pers/ReactApp/App2-Ecommerce/crown-clothing/functions/node_modules/firebase-functions/lib/index.js"} {"metadata":{"emulator":{"name":"functions"},"message":"[runtime-status] [23399] Resolved module firebase-functions {\"declared\":true,\"installed\":true,\"version\":\"3.13.0\",\"resolution\":\"/Users/balasr/Documents/Bala/Pers/ReactApp/App2-Ecommerce/crown-clothing/functions/node_modules/firebase-functions/lib/index.js\"}"}}
[debug] [2020-12-27T00:23:35.734Z] [runtime-status] [23399] firebase-admin has been stubbed. {"adminResolution":{"declared":true,"installed":true,"version":"9.4.2","resolution":"/Users/balasr/Documents/Bala/Pers/ReactApp/App2-Ecommerce/crown-clothing/functions/node_modules/firebase-admin/lib/index.js"}} {"metadata":{"emulator":{"name":"functions"},"message":"[runtime-status] [23399] firebase-admin has been stubbed. {\"adminResolution\":{\"declared\":true,\"installed\":true,\"version\":\"9.4.2\",\"resolution\":\"/Users/balasr/Documents/Bala/Pers/ReactApp/App2-Ecommerce/crown-clothing/functions/node_modules/firebase-admin/lib/index.js\"}}"}}
[warn] ⚠  It looks like you're trying to access functions.config().stripe but there is no value there. You can learn more about setting up config here: https://firebase.google.com/docs/functions/local-emulator {"metadata":{"emulator":{"name":"functions"},"message":"It looks like you're trying to access functions.config().stripe but there is no value there. You can learn more about setting up config here: https://firebase.google.com/docs/functions/local-emulator"}}
[warn] ⚠  TypeError: Cannot read property 'key' of undefined
    at Object.<anonymous> (/Users/balasr/Documents/Bala/Pers/ReactApp/App2-Ecommerce/crown-clothing/functions/index.js:7:59)
    at Module._compile (internal/modules/cjs/loader.js:1138:30)
    at Object.Module._extensions..js (internal/modules/cjs/loader.js:1158:10)
    at Module.load (internal/modules/cjs/loader.js:986:32)
    at Function.Module._load (internal/modules/cjs/loader.js:879:14)
    at Module.require (internal/modules/cjs/loader.js:1026:19)
    at require (internal/modules/cjs/helpers.js:72:18)
    at /usr/local/lib/node_modules/firebase-tools/lib/emulator/functionsEmulatorRuntime.js:699:33
    at Generator.next (<anonymous>)
    at fulfilled (/usr/local/lib/node_modules/firebase-tools/lib/emulator/functionsEmulatorRuntime.js:5:58) {"metadata":{"emulator":{"name":"functions"},"message":"TypeError: Cannot read property 'key' of undefined\n    at Object.<anonymous> (/Users/balasr/Documents/Bala/Pers/ReactApp/App2-Ecommerce/crown-clothing/functions/index.js:7:59)\n    at Module._compile (internal/modules/cjs/loader.js:1138:30)\n    at Object.Module._extensions..js (internal/modules/cjs/loader.js:1158:10)\n    at Module.load (internal/modules/cjs/loader.js:986:32)\n    at Function.Module._load (internal/modules/cjs/loader.js:879:14)\n    at Module.require (internal/modules/cjs/loader.js:1026:19)\n    at require (internal/modules/cjs/helpers.js:72:18)\n    at /usr/local/lib/node_modules/firebase-tools/lib/emulator/functionsEmulatorRuntime.js:699:33\n    at Generator.next (<anonymous>)\n    at fulfilled (/usr/local/lib/node_modules/firebase-tools/lib/emulator/functionsEmulatorRuntime.js:5:58)"}}
[warn] ⚠  We were unable to load your functions code. (see above) {"metadata":{"emulator":{"name":"functions"}}}
[debug] [2020-12-27T00:23:35.863Z] [worker-~diagnostic~-09bd1319-f86d-4ac6-899d-87b46b212ccd]: exited {"metadata":{"emulator":{"name":"functions"},"message":"[worker-~diagnostic~-09bd1319-f86d-4ac6-899d-87b46b212ccd]: exited"}}
[debug] [2020-12-27T00:23:35.863Z] [worker-~diagnostic~-09bd1319-f86d-4ac6-899d-87b46b212ccd]: FINISHED {"metadata":{"emulator":{"name":"functions"},"message":"[worker-~diagnostic~-09bd1319-f86d-4ac6-899d-87b46b212ccd]: FINISHED"}}
